<?xml version="1.0" encoding="UTF-8"?>
<testsuite name="com.roamguard.domain.usecase.UpdateWhitelistUseCaseTest" tests="4" skipped="0" failures="0" errors="0" timestamp="2026-05-18T14:54:05" hostname="runnervmrw5os" time="0.048">
  <properties/>
  <testcase name="isWhitelisted returns true when mcc exists" classname="com.roamguard.domain.usecase.UpdateWhitelistUseCaseTest" time="0.009"/>
  <testcase name="invoke adds entry to whitelist" classname="com.roamguard.domain.usecase.UpdateWhitelistUseCaseTest" time="0.014"/>
  <testcase name="isWhitelisted returns false when mcc not found" classname="com.roamguard.domain.usecase.UpdateWhitelistUseCaseTest" time="0.008"/>
  <testcase name="remove deletes entry from whitelist" classname="com.roamguard.domain.usecase.UpdateWhitelistUseCaseTest" time="0.015"/>
  <system-out><![CDATA[]]></system-out>
  <system-err><![CDATA[]]></system-err>
</testsuite>
