<?xml version="1.0" encoding="UTF-8"?>
<testsuite name="com.roamguard.shizuku.ShizukuSystemControllerTest" tests="7" skipped="0" failures="0" errors="0" timestamp="2026-05-18T15:41:52" hostname="runnervmrw5os" time="1.617">
  <properties/>
  <testcase name="forceManualNetworkSelection with null delegates to setNetworkSelectionModeAutomatic" classname="com.roamguard.shizuku.ShizukuSystemControllerTest" time="1.557"/>
  <testcase name="forceManualNetworkSelection with plmn delegates to setNetworkSelectionModeManual" classname="com.roamguard.shizuku.ShizukuSystemControllerTest" time="0.008"/>
  <testcase name="getCurrentNetworkCountry returns null when unavailable" classname="com.roamguard.shizuku.ShizukuSystemControllerTest" time="0.004"/>
  <testcase name="setDataRoaming returns false when unavailable" classname="com.roamguard.shizuku.ShizukuSystemControllerTest" time="0.004"/>
  <testcase name="setDataRoaming delegates to shizukuHelper" classname="com.roamguard.shizuku.ShizukuSystemControllerTest" time="0.034"/>
  <testcase name="forceManualNetworkSelection returns false when unavailable" classname="com.roamguard.shizuku.ShizukuSystemControllerTest" time="0.004"/>
  <testcase name="getCurrentNetworkCountry delegates to shizukuHelper" classname="com.roamguard.shizuku.ShizukuSystemControllerTest" time="0.004"/>
  <system-out><![CDATA[]]></system-out>
  <system-err><![CDATA[]]></system-err>
</testsuite>
