<?xml version="1.0" encoding="UTF-8"?>
<testsuite name="com.roamguard.app.ui.screens.home.HomeViewModelTest" tests="8" skipped="0" failures="0" errors="0" timestamp="2026-05-18T14:53:30" hostname="runnervmrw5os" time="3.369">
  <properties/>
  <testcase name="homeCountry loads from repository" classname="com.roamguard.app.ui.screens.home.HomeViewModelTest" time="3.031"/>
  <testcase name="checkRoaming shows dialog when needs confirmation" classname="com.roamguard.app.ui.screens.home.HomeViewModelTest" time="0.097"/>
  <testcase name="denyNetwork hides dialog" classname="com.roamguard.app.ui.screens.home.HomeViewModelTest" time="0.057"/>
  <testcase name="checkRoaming does not show dialog when allowed" classname="com.roamguard.app.ui.screens.home.HomeViewModelTest" time="0.047"/>
  <testcase name="isServiceEnabled defaults to false" classname="com.roamguard.app.ui.screens.home.HomeViewModelTest" time="0.031"/>
  <testcase name="dismissDialog hides dialog" classname="com.roamguard.app.ui.screens.home.HomeViewModelTest" time="0.019"/>
  <testcase name="checkRoaming does not show dialog when denied" classname="com.roamguard.app.ui.screens.home.HomeViewModelTest" time="0.042"/>
  <testcase name="allowNetwork without always allow hides dialog" classname="com.roamguard.app.ui.screens.home.HomeViewModelTest" time="0.039"/>
  <system-out><![CDATA[]]></system-out>
  <system-err><![CDATA[]]></system-err>
</testsuite>
