<?xml version="1.0" encoding="UTF-8"?>
<testsuite name="com.roamguard.app.ui.screens.onboarding.OnboardingViewModelTest" tests="6" skipped="0" failures="0" errors="0" timestamp="2026-05-18T15:42:08" hostname="runnervmrw5os" time="0.168">
  <properties/>
  <testcase name="updateSearchQuery updates search text" classname="com.roamguard.app.ui.screens.onboarding.OnboardingViewModelTest" time="0.044"/>
  <testcase name="completeOnboarding sets home country and marks complete" classname="com.roamguard.app.ui.screens.onboarding.OnboardingViewModelTest" time="0.045"/>
  <testcase name="selectCountry sets selected mcc" classname="com.roamguard.app.ui.screens.onboarding.OnboardingViewModelTest" time="0.016"/>
  <testcase name="countries list is populated" classname="com.roamguard.app.ui.screens.onboarding.OnboardingViewModelTest" time="0.016"/>
  <testcase name="skipOnboarding marks complete without setting home country" classname="com.roamguard.app.ui.screens.onboarding.OnboardingViewModelTest" time="0.03"/>
  <testcase name="completeOnboarding does nothing without selected country" classname="com.roamguard.app.ui.screens.onboarding.OnboardingViewModelTest" time="0.016"/>
  <system-out><![CDATA[]]></system-out>
  <system-err><![CDATA[]]></system-err>
</testsuite>
