<?xml version="1.0" encoding="UTF-8"?>
<testsuite name="com.roamguard.app.ui.screens.home.HomeViewModelTest" tests="8" skipped="0" failures="0" errors="0" timestamp="2026-05-18T15:42:05" hostname="runnervmrw5os" time="2.128">
  <properties/>
  <testcase name="homeCountry loads from repository" classname="com.roamguard.app.ui.screens.home.HomeViewModelTest" time="1.913"/>
  <testcase name="checkRoaming shows dialog when needs confirmation" classname="com.roamguard.app.ui.screens.home.HomeViewModelTest" time="0.071"/>
  <testcase name="denyNetwork hides dialog" classname="com.roamguard.app.ui.screens.home.HomeViewModelTest" time="0.034"/>
  <testcase name="checkRoaming does not show dialog when allowed" classname="com.roamguard.app.ui.screens.home.HomeViewModelTest" time="0.027"/>
  <testcase name="isServiceEnabled defaults to false" classname="com.roamguard.app.ui.screens.home.HomeViewModelTest" time="0.019"/>
  <testcase name="dismissDialog hides dialog" classname="com.roamguard.app.ui.screens.home.HomeViewModelTest" time="0.018"/>
  <testcase name="checkRoaming does not show dialog when denied" classname="com.roamguard.app.ui.screens.home.HomeViewModelTest" time="0.024"/>
  <testcase name="allowNetwork without always allow hides dialog" classname="com.roamguard.app.ui.screens.home.HomeViewModelTest" time="0.019"/>
  <system-out><![CDATA[]]></system-out>
  <system-err><![CDATA[]]></system-err>
</testsuite>
