<?xml version="1.0" encoding="UTF-8"?>
<testsuite name="com.roamguard.root.RootSystemControllerTest" tests="7" skipped="0" failures="0" errors="0" timestamp="2026-05-18T15:41:50" hostname="runnervmrw5os" time="1.101">
  <properties/>
  <testcase name="getCurrentNetworkCountry delegates to rootHelper" classname="com.roamguard.root.RootSystemControllerTest" time="1.041"/>
  <testcase name="setDataRoaming returns false when root unavailable" classname="com.roamguard.root.RootSystemControllerTest" time="0.003"/>
  <testcase name="forceManualNetworkSelection returns false when root unavailable" classname="com.roamguard.root.RootSystemControllerTest" time="0.002"/>
  <testcase name="forceManualNetworkSelection with null delegates to setAutomaticNetworkSelection" classname="com.roamguard.root.RootSystemControllerTest" time="0.01"/>
  <testcase name="forceManualNetworkSelection with plmn delegates to setManualNetworkSelection" classname="com.roamguard.root.RootSystemControllerTest" time="0.01"/>
  <testcase name="setDataRoaming delegates to rootHelper" classname="com.roamguard.root.RootSystemControllerTest" time="0.032"/>
  <testcase name="getCurrentNetworkCountry returns null when root unavailable" classname="com.roamguard.root.RootSystemControllerTest" time="0.002"/>
  <system-out><![CDATA[]]></system-out>
  <system-err><![CDATA[]]></system-err>
</testsuite>
