<?xml version="1.0" encoding="UTF-8"?>
<testsuite name="com.roamguard.common.system.MonitoringOnlyControllerTest" tests="3" skipped="0" failures="0" errors="0" timestamp="2026-05-18T15:40:30" hostname="runnervmrw5os" time="0.002">
  <properties/>
  <testcase name="getCurrentNetworkCountry returns null" classname="com.roamguard.common.system.MonitoringOnlyControllerTest" time="0.001"/>
  <testcase name="forceManualNetworkSelection returns false" classname="com.roamguard.common.system.MonitoringOnlyControllerTest" time="0.0"/>
  <testcase name="setDataRoaming returns false" classname="com.roamguard.common.system.MonitoringOnlyControllerTest" time="0.0"/>
  <system-out><![CDATA[]]></system-out>
  <system-err><![CDATA[]]></system-err>
</testsuite>
