<?xml version="1.0" encoding="UTF-8"?>
<testsuite name="com.roamguard.app.ui.screens.onboarding.OnboardingViewModelTest" tests="6" skipped="0" failures="0" errors="0" timestamp="2026-05-18T14:53:37" hostname="runnervmrw5os" time="0.252">
  <properties/>
  <testcase name="updateSearchQuery updates search text" classname="com.roamguard.app.ui.screens.onboarding.OnboardingViewModelTest" time="0.074"/>
  <testcase name="completeOnboarding sets home country and marks complete" classname="com.roamguard.app.ui.screens.onboarding.OnboardingViewModelTest" time="0.063"/>
  <testcase name="selectCountry sets selected mcc" classname="com.roamguard.app.ui.screens.onboarding.OnboardingViewModelTest" time="0.021"/>
  <testcase name="countries list is populated" classname="com.roamguard.app.ui.screens.onboarding.OnboardingViewModelTest" time="0.017"/>
  <testcase name="skipOnboarding marks complete without setting home country" classname="com.roamguard.app.ui.screens.onboarding.OnboardingViewModelTest" time="0.048"/>
  <testcase name="completeOnboarding does nothing without selected country" classname="com.roamguard.app.ui.screens.onboarding.OnboardingViewModelTest" time="0.023"/>
  <system-out><![CDATA[]]></system-out>
  <system-err><![CDATA[]]></system-err>
</testsuite>
