<?xml version="1.0" encoding="UTF-8"?>
<testsuite name="com.roamguard.app.ui.screens.whitelist.WhitelistViewModelTest" tests="3" skipped="0" failures="0" errors="0" timestamp="2026-05-18T14:53:38" hostname="runnervmrw5os" time="0.115">
  <properties/>
  <testcase name="removeFromWhitelist delegates to use case" classname="com.roamguard.app.ui.screens.whitelist.WhitelistViewModelTest" time="0.083"/>
  <testcase name="homeCountry loads from use case" classname="com.roamguard.app.ui.screens.whitelist.WhitelistViewModelTest" time="0.016"/>
  <testcase name="whitelist loads from use case" classname="com.roamguard.app.ui.screens.whitelist.WhitelistViewModelTest" time="0.016"/>
  <system-out><![CDATA[]]></system-out>
  <system-err><![CDATA[]]></system-err>
</testsuite>
