<?xml version="1.0" encoding="UTF-8"?>
<testsuite name="com.roamguard.data.repository.WhitelistRepositoryImplTest" tests="8" skipped="0" failures="0" errors="0" timestamp="2026-05-18T15:42:04" hostname="runnervmrw5os" time="0.176">
  <properties/>
  <testcase name="whitelist maps entities to domain models" classname="com.roamguard.data.repository.WhitelistRepositoryImplTest" time="0.124"/>
  <testcase name="setHomeCountry converts and delegates to DAO" classname="com.roamguard.data.repository.WhitelistRepositoryImplTest" time="0.015"/>
  <testcase name="homeCountry returns null when no entity" classname="com.roamguard.data.repository.WhitelistRepositoryImplTest" time="0.006"/>
  <testcase name="isWhitelisted returns true when exists" classname="com.roamguard.data.repository.WhitelistRepositoryImplTest" time="0.007"/>
  <testcase name="isWhitelisted returns false when not exists" classname="com.roamguard.data.repository.WhitelistRepositoryImplTest" time="0.006"/>
  <testcase name="addToWhitelist converts and delegates to DAO" classname="com.roamguard.data.repository.WhitelistRepositoryImplTest" time="0.006"/>
  <testcase name="removeFromWhitelist delegates to DAO" classname="com.roamguard.data.repository.WhitelistRepositoryImplTest" time="0.006"/>
  <testcase name="homeCountry maps entity to domain model" classname="com.roamguard.data.repository.WhitelistRepositoryImplTest" time="0.005"/>
  <system-out><![CDATA[]]></system-out>
  <system-err><![CDATA[]]></system-err>
</testsuite>
