<?xml version="1.0" encoding="UTF-8"?>
<testsuite name="com.roamguard.data.local.dao.WhitelistDaoTest" tests="10" skipped="0" failures="0" errors="0" timestamp="2026-05-18T14:53:54" hostname="runnervmrw5os" time="0.688">
  <properties/>
  <testcase name="insertAll adds multiple countries" classname="com.roamguard.data.local.dao.WhitelistDaoTest" time="0.104"/>
  <testcase name="delete removes country entity" classname="com.roamguard.data.local.dao.WhitelistDaoTest" time="0.085"/>
  <testcase name="insert adds country to database" classname="com.roamguard.data.local.dao.WhitelistDaoTest" time="0.06"/>
  <testcase name="deleteByMcc removes country" classname="com.roamguard.data.local.dao.WhitelistDaoTest" time="0.062"/>
  <testcase name="exists returns 0 when mcc not present" classname="com.roamguard.data.local.dao.WhitelistDaoTest" time="0.048"/>
  <testcase name="getAll returns countries sorted by name" classname="com.roamguard.data.local.dao.WhitelistDaoTest" time="0.067"/>
  <testcase name="getByMcc returns null for non-existent mcc" classname="com.roamguard.data.local.dao.WhitelistDaoTest" time="0.069"/>
  <testcase name="exists returns 1 when mcc present" classname="com.roamguard.data.local.dao.WhitelistDaoTest" time="0.067"/>
  <testcase name="getAll returns empty list initially" classname="com.roamguard.data.local.dao.WhitelistDaoTest" time="0.064"/>
  <testcase name="getByMcc returns correct country" classname="com.roamguard.data.local.dao.WhitelistDaoTest" time="0.055"/>
  <system-out><![CDATA[]]></system-out>
  <system-err><![CDATA[]]></system-err>
</testsuite>
