<?xml version="1.0" encoding="UTF-8"?>
<testsuite name="com.roamguard.data.local.dao.WhitelistDaoTest" tests="10" skipped="0" failures="0" errors="0" timestamp="2026-05-18T15:42:00" hostname="runnervmrw5os" time="0.537">
  <properties/>
  <testcase name="insertAll adds multiple countries" classname="com.roamguard.data.local.dao.WhitelistDaoTest" time="0.174"/>
  <testcase name="delete removes country entity" classname="com.roamguard.data.local.dao.WhitelistDaoTest" time="0.045"/>
  <testcase name="insert adds country to database" classname="com.roamguard.data.local.dao.WhitelistDaoTest" time="0.058"/>
  <testcase name="deleteByMcc removes country" classname="com.roamguard.data.local.dao.WhitelistDaoTest" time="0.036"/>
  <testcase name="exists returns 0 when mcc not present" classname="com.roamguard.data.local.dao.WhitelistDaoTest" time="0.031"/>
  <testcase name="getAll returns countries sorted by name" classname="com.roamguard.data.local.dao.WhitelistDaoTest" time="0.044"/>
  <testcase name="getByMcc returns null for non-existent mcc" classname="com.roamguard.data.local.dao.WhitelistDaoTest" time="0.033"/>
  <testcase name="exists returns 1 when mcc present" classname="com.roamguard.data.local.dao.WhitelistDaoTest" time="0.031"/>
  <testcase name="getAll returns empty list initially" classname="com.roamguard.data.local.dao.WhitelistDaoTest" time="0.031"/>
  <testcase name="getByMcc returns correct country" classname="com.roamguard.data.local.dao.WhitelistDaoTest" time="0.054"/>
  <system-out><![CDATA[]]></system-out>
  <system-err><![CDATA[]]></system-err>
</testsuite>
