<?xml version="1.0" encoding="UTF-8"?>
<testsuite name="com.roamguard.domain.model.ModelsTest" tests="10" skipped="0" failures="0" errors="0" timestamp="2026-05-18T14:54:24" hostname="runnervmrw5os" time="0.059">
  <properties/>
  <testcase name="RoamingDecision Allowed is a singleton" classname="com.roamguard.domain.model.ModelsTest" time="0.018"/>
  <testcase name="RoamingDecision NeedsConfirmation has network and country" classname="com.roamguard.domain.model.ModelsTest" time="0.021"/>
  <testcase name="Country model is created correctly" classname="com.roamguard.domain.model.ModelsTest" time="0.001"/>
  <testcase name="WhitelistEntry model is created correctly" classname="com.roamguard.domain.model.ModelsTest" time="0.001"/>
  <testcase name="HandleRoamingResult variants exist" classname="com.roamguard.domain.model.ModelsTest" time="0.004"/>
  <testcase name="HomeCountry can have custom id" classname="com.roamguard.domain.model.ModelsTest" time="0.005"/>
  <testcase name="NetworkInfo is created with correct values" classname="com.roamguard.domain.model.ModelsTest" time="0.0"/>
  <testcase name="HomeCountry is created with defaults" classname="com.roamguard.domain.model.ModelsTest" time="0.0"/>
  <testcase name="RoamingDecision Denied has reason" classname="com.roamguard.domain.model.ModelsTest" time="0.001"/>
  <testcase name="WhitelistCountry is created with defaults" classname="com.roamguard.domain.model.ModelsTest" time="0.004"/>
  <system-out><![CDATA[]]></system-out>
  <system-err><![CDATA[]]></system-err>
</testsuite>
