<?xml version="1.0" encoding="UTF-8"?>
<testsuite name="com.roamguard.domain.usecase.ManageWhitelistUseCaseTest" tests="7" skipped="0" failures="0" errors="0" timestamp="2026-05-18T14:54:29" hostname="runnervmrw5os" time="0.08">
  <properties/>
  <testcase name="removeFromWhitelist delegates to repository" classname="com.roamguard.domain.usecase.ManageWhitelistUseCaseTest" time="0.033"/>
  <testcase name="isWhitelisted returns true when mcc is whitelisted" classname="com.roamguard.domain.usecase.ManageWhitelistUseCaseTest" time="0.007"/>
  <testcase name="home country emits from repository" classname="com.roamguard.domain.usecase.ManageWhitelistUseCaseTest" time="0.005"/>
  <testcase name="whitelist emits from repository" classname="com.roamguard.domain.usecase.ManageWhitelistUseCaseTest" time="0.005"/>
  <testcase name="isWhitelisted returns false when mcc is not whitelisted" classname="com.roamguard.domain.usecase.ManageWhitelistUseCaseTest" time="0.007"/>
  <testcase name="setHomeCountry delegates to repository" classname="com.roamguard.domain.usecase.ManageWhitelistUseCaseTest" time="0.01"/>
  <testcase name="addToWhitelist delegates to repository" classname="com.roamguard.domain.usecase.ManageWhitelistUseCaseTest" time="0.01"/>
  <system-out><![CDATA[]]></system-out>
  <system-err><![CDATA[]]></system-err>
</testsuite>
