<?xml version="1.0" encoding="UTF-8"?>
<testsuite name="com.roamguard.domain.usecase.HandleRoamingDecisionUseCaseTest" tests="6" skipped="0" failures="0" errors="0" timestamp="2026-05-18T14:54:29" hostname="runnervmrw5os" time="0.156">
  <properties/>
  <testcase name="allowNetwork without alwaysAllow does not add to whitelist" classname="com.roamguard.domain.usecase.HandleRoamingDecisionUseCaseTest" time="0.097"/>
  <testcase name="invoke returns Denied when no network" classname="com.roamguard.domain.usecase.HandleRoamingDecisionUseCaseTest" time="0.012"/>
  <testcase name="invoke returns NeedsConfirmation when roaming" classname="com.roamguard.domain.usecase.HandleRoamingDecisionUseCaseTest" time="0.012"/>
  <testcase name="invoke returns Allowed when on home network" classname="com.roamguard.domain.usecase.HandleRoamingDecisionUseCaseTest" time="0.008"/>
  <testcase name="denyNetwork triggers recheck and reconnect" classname="com.roamguard.domain.usecase.HandleRoamingDecisionUseCaseTest" time="0.01"/>
  <testcase name="allowNetwork with alwaysAllow adds to whitelist" classname="com.roamguard.domain.usecase.HandleRoamingDecisionUseCaseTest" time="0.012"/>
  <system-out><![CDATA[]]></system-out>
  <system-err><![CDATA[]]></system-err>
</testsuite>
