<?xml version="1.0" encoding="UTF-8"?>
<testsuite name="com.roamguard.domain.usecase.CheckNetworkAllowedUseCaseTest" tests="4" skipped="0" failures="0" errors="0" timestamp="2026-05-18T14:54:24" hostname="runnervmrw5os" time="4.478">
  <properties/>
  <testcase name="returns false when home country is null and network is not whitelisted" classname="com.roamguard.domain.usecase.CheckNetworkAllowedUseCaseTest" time="4.454"/>
  <testcase name="returns false when network is not home or whitelisted" classname="com.roamguard.domain.usecase.CheckNetworkAllowedUseCaseTest" time="0.008"/>
  <testcase name="returns true when network is whitelisted" classname="com.roamguard.domain.usecase.CheckNetworkAllowedUseCaseTest" time="0.007"/>
  <testcase name="returns true when network is home country" classname="com.roamguard.domain.usecase.CheckNetworkAllowedUseCaseTest" time="0.008"/>
  <system-out><![CDATA[]]></system-out>
  <system-err><![CDATA[]]></system-err>
</testsuite>
