<?xml version="1.0" encoding="UTF-8"?>
<testsuite name="com.roamguard.domain.usecase.GetHomeCountryUseCaseTest" tests="2" skipped="0" failures="0" errors="0" timestamp="2026-05-18T14:54:29" hostname="runnervmrw5os" time="0.017">
  <properties/>
  <testcase name="invoke returns null when no home country set" classname="com.roamguard.domain.usecase.GetHomeCountryUseCaseTest" time="0.009"/>
  <testcase name="invoke returns home country when set" classname="com.roamguard.domain.usecase.GetHomeCountryUseCaseTest" time="0.008"/>
  <system-out><![CDATA[]]></system-out>
  <system-err><![CDATA[]]></system-err>
</testsuite>
